<?xml version="1.0" ?>
<!DOCTYPE coverage SYSTEM "https://cobertura.sourceforge.net/xml/coverage-04.dtd">
<coverage branch-rate="0" branches-covered="0" branches-valid="0" complexity="0" line-rate="0.8557448350851757" lines-covered="2361" lines-valid="2759" timestamp="1754776640" version="2.0.3">
    <sources>
        <source>/home/runner/work/siderust/siderust</source>
    </sources>
    <packages>
        <package line-rate="0.9779179810725552" branch-rate="0" name="src.calculus.kepler_equations" complexity="0">
            <classes>
                <class branch-rate="0" complexity="0" filename="src/calculus/kepler_equations/mod.rs" line-rate="0.9779179810725552" name="src.calculus.kepler_equations.mod.rs">
                    <methods>
                        <method name="&lt;siderust::astro::orbit::Orbit&gt;::kepler_position" signature="" complexity="0" line-rate="1" branch-rate="1">
                            <lines>
                                <line hits="1" number="274" branch="false"/>
                            </lines>
                        </method>
                        <method name="&lt;siderust::astro::orbit::Orbit&gt;::kepler_position" signature="" complexity="0" line-rate="1" branch-rate="1">
                            <lines>
                                <line hits="1" number="274" branch="false"/>
                            </lines>
                        </method>
                        <method name="siderust::calculus::kepler_equations::newton_kepler" signature="" complexity="0" line-rate="1" branch-rate="1">
                            <lines>
                                <line hits="3" number="122" branch="false"/>
                            </lines>
                        </method>
                        <method name="siderust::calculus::kepler_equations::bisection_kepler" signature="" complexity="0" line-rate="0" branch-rate="0">
                            <lines>
                                <line hits="0" number="148" branch="false"/>
                            </lines>
                        </method>
                        <method name="siderust::calculus::kepler_equations::orbital_period_days" signature="" complexity="0" line-rate="1" branch-rate="1">
                            <lines>
                                <line hits="1" number="205" branch="false"/>
                            </lines>
                        </method>
                        <method name="siderust::calculus::kepler_equations::solve_keplers_equation" signature="" complexity="0" line-rate="1" branch-rate="1">
                            <lines>
                                <line hits="3" number="191" branch="false"/>
                            </lines>
                        </method>
                        <method name="siderust::calculus::kepler_equations::calculate_orbit_position" signature="" complexity="0" line-rate="1" branch-rate="1">
                            <lines>
                                <line hits="1" number="223" branch="false"/>
                            </lines>
                        </method>
                        <method name="siderust::calculus::kepler_equations::kepler_equation_residual" signature="" complexity="0" line-rate="1" branch-rate="1">
                            <lines>
                                <line hits="12" number="106" branch="false"/>
                            </lines>
                        </method>
                        <method name="siderust::calculus::kepler_equations::kepler_equation_derivative" signature="" complexity="0" line-rate="1" branch-rate="1">
                            <lines>
                                <line hits="12" number="112" branch="false"/>
                            </lines>
                        </method>
                        <method name="siderust::calculus::kepler_equations::newton_kepler" signature="" complexity="0" line-rate="1" branch-rate="1">
                            <lines>
                                <line hits="33" number="122" branch="false"/>
                            </lines>
                        </method>
                        <method name="siderust::calculus::kepler_equations::bisection_kepler" signature="" complexity="0" line-rate="1" branch-rate="1">
                            <lines>
                                <line hits="1" number="148" branch="false"/>
                            </lines>
                        </method>
                        <method name="siderust::calculus::kepler_equations::orbital_period_days" signature="" complexity="0" line-rate="1" branch-rate="1">
                            <lines>
                                <line hits="22" number="205" branch="false"/>
                            </lines>
                        </method>
                        <method name="siderust::calculus::kepler_equations::solve_keplers_equation" signature="" complexity="0" line-rate="1" branch-rate="1">
                            <lines>
                                <line hits="33" number="191" branch="false"/>
                            </lines>
                        </method>
                        <method name="siderust::calculus::kepler_equations::calculate_orbit_position" signature="" complexity="0" line-rate="1" branch-rate="1">
                            <lines>
                                <line hits="20" number="223" branch="false"/>
                            </lines>
                        </method>
                        <method name="siderust::calculus::kepler_equations::kepler_equation_residual" signature="" complexity="0" line-rate="1" branch-rate="1">
                            <lines>
                                <line hits="229" number="106" branch="false"/>
                            </lines>
                        </method>
                        <method name="siderust::calculus::kepler_equations::kepler_equation_derivative" signature="" complexity="0" line-rate="1" branch-rate="1">
                            <lines>
                                <line hits="119" number="112" branch="false"/>
                            </lines>
                        </method>
                        <method name="siderust::calculus::kepler_equations::tests::check_cartesian" signature="" complexity="0" line-rate="1" branch-rate="1">
                            <lines>
                                <line hits="11" number="289" branch="false"/>
                            </lines>
                        </method>
                        <method name="siderust::calculus::kepler_equations::tests::approx_eq" signature="" complexity="0" line-rate="1" branch-rate="1">
                            <lines>
                                <line hits="45" number="285" branch="false"/>
                            </lines>
                        </method>
                        <method name="siderust::calculus::kepler_equations::tests::test_after_days" signature="" complexity="0" line-rate="1" branch-rate="1">
                            <lines>
                                <line hits="1" number="367" branch="false"/>
                            </lines>
                        </method>
                        <method name="siderust::calculus::kepler_equations::tests::test_circular_orbit" signature="" complexity="0" line-rate="1" branch-rate="1">
                            <lines>
                                <line hits="1" number="324" branch="false"/>
                            </lines>
                        </method>
                        <method name="siderust::calculus::kepler_equations::tests::test_planets_at_epoch" signature="" complexity="0" line-rate="1" branch-rate="1">
                            <lines>
                                <line hits="1" number="395" branch="false"/>
                            </lines>
                        </method>
                        <method name="siderust::calculus::kepler_equations::tests::test_retrograde_orbit" signature="" complexity="0" line-rate="1" branch-rate="1">
                            <lines>
                                <line hits="1" number="640" branch="false"/>
                            </lines>
                        </method>
                        <method name="siderust::calculus::kepler_equations::tests::test_zero_inclination" signature="" complexity="0" line-rate="1" branch-rate="1">
                            <lines>
                                <line hits="1" number="349" branch="false"/>
                            </lines>
                        </method>
                        <method name="siderust::calculus::kepler_equations::tests::test_orbital_period_days" signature="" complexity="0" line-rate="1" branch-rate="1">
                            <lines>
                                <line hits="1" number="528" branch="false"/>
                            </lines>
                        </method>
                        <method name="siderust::calculus::kepler_equations::tests::test_high_inclination_orbit" signature="" complexity="0" line-rate="1" branch-rate="1">
                            <lines>
                                <line hits="1" number="616" branch="false"/>
                            </lines>
                        </method>
                        <method name="siderust::calculus::kepler_equations::tests::test_solve_keplers_equation" signature="" complexity="0" line-rate="1" branch-rate="1">
                            <lines>
                                <line hits="1" number="297" branch="false"/>
                            </lines>
                        </method>
                        <method name="siderust::calculus::kepler_equations::tests::test_kepler_equation_residual" signature="" complexity="0" line-rate="1" branch-rate="1">
                            <lines>
                                <line hits="1" number="466" branch="false"/>
                            </lines>
                        </method>
                        <method name="siderust::calculus::kepler_equations::tests::test_kepler_equation_derivative" signature="" complexity="0" line-rate="1" branch-rate="1">
                            <lines>
                                <line hits="1" number="479" branch="false"/>
                            </lines>
                        </method>
                        <method name="siderust::calculus::kepler_equations::tests::test_orbit_kepler_position_method" signature="" complexity="0" line-rate="1" branch-rate="1">
                            <lines>
                                <line hits="1" number="595" branch="false"/>
                            </lines>
                        </method>
                        <method name="siderust::calculus::kepler_equations::tests::test_solve_keplers_equation_edge_cases" signature="" complexity="0" line-rate="1" branch-rate="1">
                            <lines>
                                <line hits="1" number="491" branch="false"/>
                            </lines>
                        </method>
                        <method name="siderust::calculus::kepler_equations::tests::test_solve_keplers_equation_full_range" signature="" complexity="0" line-rate="1" branch-rate="1">
                            <lines>
                                <line hits="1" number="509" branch="false"/>
                            </lines>
                        </method>
                        <method name="siderust::calculus::kepler_equations::tests::test_calculate_orbit_position_edge_cases" signature="" complexity="0" line-rate="1" branch-rate="1">
                            <lines>
                                <line hits="1" number="545" branch="false"/>
                            </lines>
                        </method>
                        <method name="siderust::calculus::kepler_equations::tests::test_calculate_orbit_position_different_epochs" signature="" complexity="0" line-rate="1" branch-rate="1">
                            <lines>
                                <line hits="1" number="564" branch="false"/>
                            </lines>
                        </method>
                    </methods>
                    <lines>
                        <line branch="false" hits="241" number="106"/>
                        <line branch="false" hits="241" number="107"/>
                        <line branch="false" hits="241" number="108"/>
                        <line branch="false" hits="131" number="112"/>
                        <line branch="false" hits="131" number="113"/>
                        <line branch="false" hits="131" number="114"/>
                        <line branch="false" hits="36" number="122"/>
                        <line branch="false" hits="36" number="123"/>
                        <line branch="false" hits="131" number="125"/>
                        <line branch="false" hits="130" number="126"/>
                        <line branch="false" hits="130" number="127"/>
                        <line branch="false" hits="130" number="129"/>
                        <line branch="false" hits="0" number="131"/>
                        <line branch="false" hits="130" number="132"/>
                        <line branch="false" hits="130" number="134"/>
                        <line branch="false" hits="130" number="135"/>
                        <line branch="false" hits="130" number="137"/>
                        <line branch="false" hits="35" number="138"/>
                        <line branch="false" hits="95" number="139"/>
                        <line branch="false" hits="1" number="141"/>
                        <line branch="false" hits="36" number="142"/>
                        <line branch="false" hits="1" number="148"/>
                        <line branch="false" hits="1" number="149"/>
                        <line branch="false" hits="1" number="150"/>
                        <line branch="false" hits="1" number="153"/>
                        <line branch="false" hits="0" number="154"/>
                        <line branch="false" hits="0" number="155"/>
                        <line branch="false" hits="0" number="156"/>
                        <line branch="false" hits="101" number="159"/>
                        <line branch="false" hits="100" number="160"/>
                        <line branch="false" hits="100" number="161"/>
                        <line branch="false" hits="100" number="163"/>
                        <line branch="false" hits="0" number="164"/>
                        <line branch="false" hits="100" number="165"/>
                        <line branch="false" hits="100" number="168"/>
                        <line branch="false" hits="0" number="169"/>
                        <line branch="false" hits="0" number="170"/>
                        <line branch="false" hits="100" number="171"/>
                        <line branch="false" hits="100" number="172"/>
                        <line branch="false" hits="100" number="173"/>
                        <line branch="false" hits="1" number="176"/>
                        <line branch="false" hits="1" number="177"/>
                        <line branch="false" hits="36" number="191"/>
                        <line branch="false" hits="36" number="194"/>
                        <line branch="false" hits="36" number="197"/>
                        <line branch="false" hits="35" number="198"/>
                        <line branch="false" hits="1" number="201"/>
                        <line branch="false" hits="36" number="203"/>
                        <line branch="false" hits="23" number="205"/>
                        <line branch="false" hits="23" number="209"/>
                        <line branch="false" hits="23" number="210"/>
                        <line branch="false" hits="23" number="211"/>
                        <line branch="false" hits="23" number="212"/>
                        <line branch="false" hits="21" number="223"/>
                        <line branch="false" hits="21" number="224"/>
                        <line branch="false" hits="21" number="225"/>
                        <line branch="false" hits="21" number="226"/>
                        <line branch="false" hits="21" number="229"/>
                        <line branch="false" hits="21" number="230"/>
                        <line branch="false" hits="21" number="233"/>
                        <line branch="false" hits="21" number="236"/>
                        <line branch="false" hits="21" number="237"/>
                        <line branch="false" hits="21" number="240"/>
                        <line branch="false" hits="21" number="243"/>
                        <line branch="false" hits="21" number="244"/>
                        <line branch="false" hits="21" number="245"/>
                        <line branch="false" hits="21" number="248"/>
                        <line branch="false" hits="21" number="251"/>
                        <line branch="false" hits="21" number="252"/>
                        <line branch="false" hits="21" number="253"/>
                        <line branch="false" hits="21" number="261"/>
                        <line branch="false" hits="21" number="262"/>
                        <line branch="false" hits="21" number="263"/>
                        <line branch="false" hits="21" number="265"/>
                        <line branch="false" hits="21" number="266"/>
                        <line branch="false" hits="21" number="267"/>
                        <line branch="false" hits="21" number="268"/>
                        <line branch="false" hits="21" number="270"/>
                        <line branch="false" hits="2" number="274"/>
                        <line branch="false" hits="2" number="275"/>
                        <line branch="false" hits="2" number="276"/>
                        <line branch="false" hits="45" number="285"/>
                        <line branch="false" hits="45" number="286"/>
                        <line branch="false" hits="45" number="287"/>
                        <line branch="false" hits="11" number="289"/>
                        <line branch="false" hits="11" number="290"/>
                        <line branch="false" hits="11" number="291"/>
                        <line branch="false" hits="11" number="292"/>
                        <line branch="false" hits="11" number="293"/>
                        <line branch="false" hits="1" number="297"/>
                        <line branch="false" hits="1" number="299"/>
                        <line branch="false" hits="1" number="300"/>
                        <line branch="false" hits="1" number="301"/>
                        <line branch="false" hits="1" number="302"/>
                        <line branch="false" hits="1" number="303"/>
                        <line branch="false" hits="1" number="304"/>
                        <line branch="false" hits="1" number="307"/>
                        <line branch="false" hits="1" number="308"/>
                        <line branch="false" hits="1" number="309"/>
                        <line branch="false" hits="1" number="310"/>
                        <line branch="false" hits="1" number="311"/>
                        <line branch="false" hits="1" number="314"/>
                        <line branch="false" hits="1" number="315"/>
                        <line branch="false" hits="1" number="316"/>
                        <line branch="false" hits="1" number="317"/>
                        <line branch="false" hits="1" number="318"/>
                        <line branch="false" hits="1" number="319"/>
                        <line branch="false" hits="1" number="320"/>
                        <line branch="false" hits="1" number="324"/>
                        <line branch="false" hits="1" number="325"/>
                        <line branch="false" hits="1" number="326"/>
                        <line branch="false" hits="1" number="328"/>
                        <line branch="false" hits="1" number="329"/>
                        <line branch="false" hits="1" number="330"/>
                        <line branch="false" hits="1" number="331"/>
                        <line branch="false" hits="1" number="336"/>
                        <line branch="false" hits="1" number="338"/>
                        <line branch="false" hits="1" number="341"/>
                        <line branch="false" hits="1" number="342"/>
                        <line branch="false" hits="1" number="344"/>
                        <line branch="false" hits="1" number="345"/>
                        <line branch="false" hits="1" number="349"/>
                        <line branch="false" hits="1" number="350"/>
                        <line branch="false" hits="1" number="351"/>
                        <line branch="false" hits="1" number="353"/>
                        <line branch="false" hits="1" number="354"/>
                        <line branch="false" hits="1" number="355"/>
                        <line branch="false" hits="1" number="356"/>
                        <line branch="false" hits="1" number="361"/>
                        <line branch="false" hits="1" number="362"/>
                        <line branch="false" hits="1" number="363"/>
                        <line branch="false" hits="1" number="367"/>
                        <line branch="false" hits="1" number="368"/>
                        <line branch="false" hits="1" number="369"/>
                        <line branch="false" hits="1" number="371"/>
                        <line branch="false" hits="1" number="372"/>
                        <line branch="false" hits="1" number="373"/>
                        <line branch="false" hits="1" number="374"/>
                        <line branch="false" hits="1" number="379"/>
                        <line branch="false" hits="1" number="382"/>
                        <line branch="false" hits="1" number="383"/>
                        <line branch="false" hits="1" number="384"/>
                        <line branch="false" hits="1" number="388"/>
                        <line branch="false" hits="1" number="389"/>
                        <line branch="false" hits="1" number="391"/>
                        <line branch="false" hits="1" number="392"/>
                        <line branch="false" hits="1" number="395"/>
                        <line branch="false" hits="1" number="405"/>
                        <line branch="false" hits="1" number="406"/>
                        <line branch="false" hits="1" number="407"/>
                        <line branch="false" hits="1" number="408"/>
                        <line branch="false" hits="1" number="409"/>
                        <line branch="false" hits="1" number="410"/>
                        <line branch="false" hits="1" number="411"/>
                        <line branch="false" hits="1" number="412"/>
                        <line branch="false" hits="1" number="413"/>
                        <line branch="false" hits="1" number="414"/>
                        <line branch="false" hits="1" number="415"/>
                        <line branch="false" hits="1" number="416"/>
                        <line branch="false" hits="1" number="417"/>
                        <line branch="false" hits="1" number="418"/>
                        <line branch="false" hits="1" number="419"/>
                        <line branch="false" hits="1" number="420"/>
                        <line branch="false" hits="1" number="421"/>
                        <line branch="false" hits="1" number="422"/>
                        <line branch="false" hits="1" number="423"/>
                        <line branch="false" hits="1" number="424"/>
                        <line branch="false" hits="1" number="425"/>
                        <line branch="false" hits="1" number="426"/>
                        <line branch="false" hits="1" number="427"/>
                        <line branch="false" hits="1" number="428"/>
                        <line branch="false" hits="1" number="429"/>
                        <line branch="false" hits="1" number="430"/>
                        <line branch="false" hits="1" number="431"/>
                        <line branch="false" hits="1" number="432"/>
                        <line branch="false" hits="1" number="433"/>
                        <line branch="false" hits="1" number="434"/>
                        <line branch="false" hits="1" number="435"/>
                        <line branch="false" hits="1" number="436"/>
                        <line branch="false" hits="1" number="437"/>
                        <line branch="false" hits="1" number="438"/>
                        <line branch="false" hits="1" number="439"/>
                        <line branch="false" hits="1" number="440"/>
                        <line branch="false" hits="1" number="441"/>
                        <line branch="false" hits="1" number="442"/>
                        <line branch="false" hits="1" number="443"/>
                        <line branch="false" hits="1" number="444"/>
                        <line branch="false" hits="1" number="445"/>
                        <line branch="false" hits="1" number="446"/>
                        <line branch="false" hits="1" number="447"/>
                        <line branch="false" hits="1" number="448"/>
                        <line branch="false" hits="1" number="449"/>
                        <line branch="false" hits="1" number="450"/>
                        <line branch="false" hits="1" number="451"/>
                        <line branch="false" hits="1" number="452"/>
                        <line branch="false" hits="1" number="453"/>
                        <line branch="false" hits="1" number="454"/>
                        <line branch="false" hits="9" number="456"/>
                        <line branch="false" hits="8" number="457"/>
                        <line branch="false" hits="8" number="458"/>
                        <line branch="false" hits="8" number="459"/>
                        <line branch="false" hits="8" number="460"/>
                        <line branch="false" hits="1" number="461"/>
                        <line branch="false" hits="1" number="466"/>
                        <line branch="false" hits="1" number="468"/>
                        <line branch="false" hits="1" number="469"/>
                        <line branch="false" hits="1" number="470"/>
                        <line branch="false" hits="1" number="474"/>
                        <line branch="false" hits="1" number="475"/>
                        <line branch="false" hits="1" number="476"/>
                        <line branch="false" hits="1" number="479"/>
                        <line branch="false" hits="1" number="481"/>
                        <line branch="false" hits="1" number="482"/>
                        <line branch="false" hits="1" number="486"/>
                        <line branch="false" hits="1" number="487"/>
                        <line branch="false" hits="1" number="488"/>
                        <line branch="false" hits="1" number="491"/>
                        <line branch="false" hits="1" number="493"/>
                        <line branch="false" hits="1" number="494"/>
                        <line branch="false" hits="1" number="495"/>
                        <line branch="false" hits="1" number="496"/>
                        <line branch="false" hits="1" number="499"/>
                        <line branch="false" hits="1" number="500"/>
                        <line branch="false" hits="1" number="501"/>
                        <line branch="false" hits="1" number="503"/>
                        <line branch="false" hits="1" number="504"/>
                        <line branch="false" hits="1" number="505"/>
                        <line branch="false" hits="1" number="506"/>
                        <line branch="false" hits="1" number="509"/>
                        <line branch="false" hits="1" number="511"/>
                        <line branch="false" hits="9" number="512"/>
                        <line branch="false" hits="8" number="513"/>
                        <line branch="false" hits="8" number="514"/>
                        <line branch="false" hits="8" number="517"/>
                        <line branch="false" hits="8" number="518"/>
                        <line branch="false" hits="8" number="519"/>
                        <line branch="false" hits="8" number="522"/>
                        <line branch="false" hits="8" number="523"/>
                        <line branch="false" hits="1" number="525"/>
                        <line branch="false" hits="1" number="528"/>
                        <line branch="false" hits="1" number="530"/>
                        <line branch="false" hits="1" number="531"/>
                        <line branch="false" hits="1" number="534"/>
                        <line branch="false" hits="1" number="537"/>
                        <line branch="false" hits="1" number="538"/>
                        <line branch="false" hits="1" number="541"/>
                        <line branch="false" hits="1" number="542"/>
                        <line branch="false" hits="1" number="545"/>
                        <line branch="false" hits="1" number="547"/>
                        <line branch="false" hits="1" number="548"/>
                        <line branch="false" hits="1" number="550"/>
                        <line branch="false" hits="1" number="551"/>
                        <line branch="false" hits="1" number="552"/>
                        <line branch="false" hits="1" number="553"/>
                        <line branch="false" hits="1" number="557"/>
                        <line branch="false" hits="1" number="558"/>
                        <line branch="false" hits="1" number="559"/>
                        <line branch="false" hits="1" number="560"/>
                        <line branch="false" hits="1" number="561"/>
                        <line branch="false" hits="1" number="564"/>
                        <line branch="false" hits="1" number="565"/>
                        <line branch="false" hits="1" number="566"/>
                        <line branch="false" hits="1" number="568"/>
                        <line branch="false" hits="1" number="569"/>
                        <line branch="false" hits="1" number="570"/>
                        <line branch="false" hits="1" number="571"/>
                        <line branch="false" hits="1" number="576"/>
                        <line branch="false" hits="1" number="577"/>
                        <line branch="false" hits="1" number="578"/>
                        <line branch="false" hits="1" number="579"/>
                        <line branch="false" hits="1" number="580"/>
                        <line branch="false" hits="4" number="582"/>
                        <line branch="false" hits="3" number="583"/>
                        <line branch="false" hits="3" number="584"/>
                        <line branch="false" hits="3" number="585"/>
                        <line branch="false" hits="3" number="586"/>
                        <line branch="false" hits="3" number="589"/>
                        <line branch="false" hits="3" number="590"/>
                        <line branch="false" hits="1" number="592"/>
                        <line branch="false" hits="1" number="595"/>
                        <line branch="false" hits="1" number="596"/>
                        <line branch="false" hits="1" number="597"/>
                        <line branch="false" hits="1" number="599"/>
                        <line branch="false" hits="1" number="600"/>
                        <line branch="false" hits="1" number="601"/>
                        <line branch="false" hits="1" number="602"/>
                        <line branch="false" hits="1" number="607"/>
                        <line branch="false" hits="1" number="608"/>
                        <line branch="false" hits="1" number="610"/>
                        <line branch="false" hits="1" number="611"/>
                        <line branch="false" hits="1" number="612"/>
                        <line branch="false" hits="1" number="613"/>
                        <line branch="false" hits="1" number="616"/>
                        <line branch="false" hits="1" number="617"/>
                        <line branch="false" hits="1" number="618"/>
                        <line branch="false" hits="1" number="620"/>
                        <line branch="false" hits="1" number="621"/>
                        <line branch="false" hits="1" number="622"/>
                        <line branch="false" hits="1" number="623"/>
                        <line branch="false" hits="1" number="627"/>
                        <line branch="false" hits="1" number="631"/>
                        <line branch="false" hits="1" number="634"/>
                        <line branch="false" hits="1" number="635"/>
                        <line branch="false" hits="1" number="636"/>
                        <line branch="false" hits="1" number="637"/>
                        <line branch="false" hits="1" number="640"/>
                        <line branch="false" hits="1" number="641"/>
                        <line branch="false" hits="1" number="642"/>
                        <line branch="false" hits="1" number="644"/>
                        <line branch="false" hits="1" number="645"/>
                        <line branch="false" hits="1" number="646"/>
                        <line branch="false" hits="1" number="647"/>
                        <line branch="false" hits="1" number="651"/>
                        <line branch="false" hits="1" number="654"/>
                        <line branch="false" hits="1" number="655"/>
                        <line branch="false" hits="1" number="656"/>
                        <line branch="false" hits="1" number="657"/>
                    </lines>
                </class>
            </classes>
        </package>
        <package line-rate="0.6363636363636364" branch-rate="0" name="src.units.velocity" complexity="0">
            <classes>
                <class branch-rate="0" complexity="0" filename="src/units/velocity/radians_per_day.rs" line-rate="0.8" name="src.units.velocity.radians_per_day.rs">
                    <methods>
                        <method name="&lt;siderust::units::velocity::radians_per_day::RadiansPerDay&gt;::new" signature="" complexity="0" line-rate="1" branch-rate="1">
                            <lines>
                                <line hits="3" number="23" branch="false"/>
                            </lines>
                        </method>
                        <method name="&lt;siderust::units::velocity::radians_per_day::RadiansPerDay&gt;::value" signature="" complexity="0" line-rate="1" branch-rate="1">
                            <lines>
                                <line hits="1" number="28" branch="false"/>
                            </lines>
                        </method>
                        <method name="&lt;siderust::units::velocity::radians_per_day::RadiansPerDay&gt;::new" signature="" complexity="0" line-rate="1" branch-rate="1">
                            <lines>
                                <line hits="20" number="23" branch="false"/>
                            </lines>
                        </method>
                        <method name="&lt;siderust::units::velocity::radians_per_day::RadiansPerDay&gt;::value" signature="" complexity="0" line-rate="0" branch-rate="0">
                            <lines>
                                <line hits="0" number="28" branch="false"/>
                            </lines>
                        </method>
                        <method name="&lt;siderust::units::angular::radians::Radians as core::ops::arith::Div&lt;siderust::units::time::days::Days&gt;&gt;::div" signature="" complexity="0" line-rate="1" branch-rate="1">
                            <lines>
                                <line hits="2" number="44" branch="false"/>
                            </lines>
                        </method>
                        <method name="&lt;siderust::units::angular::radians::Radians as core::ops::arith::Div&lt;siderust::units::time::days::Days&gt;&gt;::div" signature="" complexity="0" line-rate="1" branch-rate="1">
                            <lines>
                                <line hits="20" number="44" branch="false"/>
                            </lines>
                        </method>
                        <method name="&lt;siderust::units::velocity::radians_per_day::RadiansPerDay as core::ops::arith::Mul&lt;siderust::units::time::days::Days&gt;&gt;::mul" signature="" complexity="0" line-rate="1" branch-rate="1">
                            <lines>
                                <line hits="1" number="53" branch="false"/>
                            </lines>
                        </method>
                        <method name="&lt;siderust::units::velocity::radians_per_day::RadiansPerDay as core::ops::arith::Mul&lt;siderust::units::time::days::Days&gt;&gt;::mul" signature="" complexity="0" line-rate="1" branch-rate="1">
                            <lines>
                                <line hits="20" number="53" branch="false"/>
                            </lines>
                        </method>
                        <method name="&lt;siderust::units::velocity::radians_per_day::RadiansPerDay as core::fmt::Display&gt;::fmt" signature="" complexity="0" line-rate="0" branch-rate="0">
                            <lines>
                                <line hits="0" number="35" branch="false"/>
                            </lines>
                        </method>
                        <method name="&lt;siderust::units::velocity::radians_per_day::RadiansPerDay as core::fmt::Display&gt;::fmt" signature="" complexity="0" line-rate="0" branch-rate="0">
                            <lines>
                                <line hits="0" number="35" branch="false"/>
                            </lines>
                        </method>
                    </methods>
                    <lines>
                        <line branch="false" hits="23" number="23"/>
                        <line branch="false" hits="23" number="24"/>
                        <line branch="false" hits="23" number="25"/>
                        <line branch="false" hits="1" number="28"/>
                        <line branch="false" hits="1" number="29"/>
                        <line branch="false" hits="1" number="30"/>
                        <line branch="false" hits="0" number="35"/>
                        <line branch="false" hits="0" number="36"/>
                        <line branch="false" hits="0" number="37"/>
                        <line branch="false" hits="22" number="44"/>
                        <line branch="false" hits="22" number="45"/>
                        <line branch="false" hits="22" number="46"/>
                        <line branch="false" hits="21" number="53"/>
                        <line branch="false" hits="21" number="54"/>
                        <line branch="false" hits="21" number="55"/>
                    </lines>
                </class>
                <class branch-rate="0" complexity="0" filename="src/units/velocity/dms_per_year.rs" line-rate="0.5" name="src.units.velocity.dms_per_year.rs">
                    <methods>
                        <method name="&lt;siderust::units::velocity::dms_per_year::DmsPerYear&gt;::from_decimal" signature="" complexity="0" line-rate="0" branch-rate="0">
                            <lines>
                                <line hits="0" number="18" branch="false"/>
                            </lines>
                        </method>
                        <method name="&lt;siderust::units::velocity::dms_per_year::DmsPerYear&gt;::new" signature="" complexity="0" line-rate="0" branch-rate="0">
                            <lines>
                                <line hits="0" number="14" branch="false"/>
                            </lines>
                        </method>
                        <method name="&lt;siderust::units::velocity::dms_per_year::DmsPerYear&gt;::value" signature="" complexity="0" line-rate="0" branch-rate="0">
                            <lines>
                                <line hits="0" number="23" branch="false"/>
                            </lines>
                        </method>
                        <method name="&lt;siderust::units::velocity::dms_per_year::DmsPerYear&gt;::from_decimal" signature="" complexity="0" line-rate="1" branch-rate="1">
                            <lines>
                                <line hits="2" number="18" branch="false"/>
                            </lines>
                        </method>
                        <method name="&lt;siderust::units::velocity::dms_per_year::DmsPerYear&gt;::new" signature="" complexity="0" line-rate="0" branch-rate="0">
                            <lines>
                                <line hits="0" number="14" branch="false"/>
                            </lines>
                        </method>
                        <method name="&lt;siderust::units::velocity::dms_per_year::DmsPerYear&gt;::value" signature="" complexity="0" line-rate="1" branch-rate="1">
                            <lines>
                                <line hits="6" number="23" branch="false"/>
                            </lines>
                        </method>
                        <method name="&lt;siderust::units::angular::dms::DMS as core::ops::arith::Div&lt;siderust::units::time::years::Years&gt;&gt;::div" signature="" complexity="0" line-rate="0" branch-rate="0">
                            <lines>
                                <line hits="0" number="38" branch="false"/>
                            </lines>
                        </method>
                        <method name="&lt;siderust::units::angular::dms::DMS as core::ops::arith::Div&lt;siderust::units::time::years::Years&gt;&gt;::div" signature="" complexity="0" line-rate="0" branch-rate="0">
                            <lines>
                                <line hits="0" number="38" branch="false"/>
                            </lines>
                        </method>
                        <method name="&lt;siderust::units::velocity::dms_per_year::DmsPerYear as core::ops::arith::Mul&lt;siderust::units::time::years::Years&gt;&gt;::mul" signature="" complexity="0" line-rate="0" branch-rate="0">
                            <lines>
                                <line hits="0" number="48" branch="false"/>
                            </lines>
                        </method>
                        <method name="&lt;siderust::units::velocity::dms_per_year::DmsPerYear as core::ops::arith::Mul&lt;siderust::units::time::years::Years&gt;&gt;::mul" signature="" complexity="0" line-rate="1" branch-rate="1">
                            <lines>
                                <line hits="2" number="48" branch="false"/>
                            </lines>
                        </method>
                        <method name="&lt;siderust::units::velocity::dms_per_year::DmsPerYear as core::fmt::Display&gt;::fmt" signature="" complexity="0" line-rate="0" branch-rate="0">
                            <lines>
                                <line hits="0" number="29" branch="false"/>
                            </lines>
                        </method>
                        <method name="&lt;siderust::units::velocity::dms_per_year::DmsPerYear as core::fmt::Display&gt;::fmt" signature="" complexity="0" line-rate="0" branch-rate="0">
                            <lines>
                                <line hits="0" number="29" branch="false"/>
                            </lines>
                        </method>
                    </methods>
                    <lines>
                        <line branch="false" hits="0" number="14"/>
                        <line branch="false" hits="0" number="15"/>
                        <line branch="false" hits="0" number="16"/>
                        <line branch="false" hits="2" number="18"/>
                        <line branch="false" hits="2" number="19"/>
                        <line branch="false" hits="2" number="20"/>
                        <line branch="false" hits="6" number="23"/>
                        <line branch="false" hits="6" number="24"/>
                        <line branch="false" hits="6" number="25"/>
                        <line branch="false" hits="0" number="29"/>
                        <line branch="false" hits="0" number="30"/>
                        <line branch="false" hits="0" number="31"/>
                        <line branch="false" hits="0" number="38"/>
                        <line branch="false" hits="0" number="40"/>
                        <line branch="false" hits="0" number="41"/>
                        <line branch="false" hits="2" number="48"/>
                        <line branch="false" hits="2" number="49"/>
                        <line branch="false" hits="2" number="50"/>
                    </lines>
                </class>
            </classes>
        </package>
        <package line-rate="0.8924731182795699" branch-rate="0" name="src.targets" complexity="0">
            <classes>
                <class branch-rate="0" complexity="0" filename="src/targets/target.rs" line-rate="0.9822485207100592" name="src.targets.target.rs">
                    <methods>
                        <method name="&lt;siderust::targets::target::Target&lt;siderust::coordinates::cartesian::CartesianCoord&lt;siderust::coordinates::centers::Barycentric, siderust::coordinates::frames::Ecliptic&gt;&gt;&gt;::new_static" signature="" complexity="0" line-rate="1" branch-rate="1">
                            <lines>
                                <line hits="4" number="19" branch="false"/>
                            </lines>
                        </method>
                        <method name="&lt;siderust::targets::target::Target&lt;siderust::coordinates::cartesian::CartesianCoord&lt;siderust::coordinates::centers::Barycentric, siderust::coordinates::frames::Ecliptic&gt;&gt;&gt;::get_position" signature="" complexity="0" line-rate="1" branch-rate="1">
                            <lines>
                                <line hits="3" number="27" branch="false"/>
                            </lines>
                        </method>
                        <method name="&lt;siderust::targets::target::Target&lt;siderust::coordinates::cartesian::CartesianCoord&lt;siderust::coordinates::centers::Heliocentric, siderust::coordinates::frames::Ecliptic&gt;&gt;&gt;::new_static" signature="" complexity="0" line-rate="1" branch-rate="1">
                            <lines>
                                <line hits="6" number="19" branch="false"/>
                            </lines>
                        </method>
                        <method name="&lt;siderust::targets::target::Target&lt;siderust::coordinates::cartesian::CartesianCoord&lt;siderust::coordinates::centers::Heliocentric, siderust::coordinates::frames::Ecliptic&gt;&gt;&gt;::get_position" signature="" complexity="0" line-rate="1" branch-rate="1">
                            <lines>
                                <line hits="6" number="27" branch="false"/>
                            </lines>
                        </method>
                        <method name="&lt;siderust::targets::target::Target&lt;siderust::coordinates::spherical::spherical::SphericalCoord&lt;siderust::coordinates::centers::Geocentric, siderust::coordinates::frames::Equatorial&gt;&gt;&gt;::get_position" signature="" complexity="0" line-rate="1" branch-rate="1">
                            <lines>
                                <line hits="2" number="27" branch="false"/>
                            </lines>
                        </method>
                        <method name="&lt;siderust::targets::target::Target&lt;_&gt;&gt;::get_proper_motion" signature="" complexity="0" line-rate="0" branch-rate="0">
                            <lines>
                                <line hits="0" number="31" branch="false"/>
                            </lines>
                        </method>
                        <method name="&lt;siderust::targets::target::Target&lt;_&gt;&gt;::new" signature="" complexity="0" line-rate="0" branch-rate="0">
                            <lines>
                                <line hits="0" number="15" branch="false"/>
                            </lines>
                        </method>
                        <method name="&lt;siderust::targets::target::Target&lt;_&gt;&gt;::update" signature="" complexity="0" line-rate="0" branch-rate="0">
                            <lines>
                                <line hits="0" number="44" branch="false"/>
                            </lines>
                        </method>
                        <method name="&lt;siderust::targets::target::Target&lt;_&gt;&gt;::new_raw" signature="" complexity="0" line-rate="0" branch-rate="0">
                            <lines>
                                <line hits="0" number="23" branch="false"/>
                            </lines>
                        </method>
                        <method name="&lt;siderust::targets::target::Target&lt;_&gt;&gt;::get_time" signature="" complexity="0" line-rate="0" branch-rate="0">
                            <lines>
                                <line hits="0" number="35" branch="false"/>
                            </lines>
                        </method>
                        <method name="&lt;siderust::targets::target::Target&lt;siderust::coordinates::cartesian::CartesianCoord&lt;siderust::coordinates::centers::Barycentric, siderust::coordinates::frames::Ecliptic&gt;&gt;&gt;::new_static" signature="" complexity="0" line-rate="1" branch-rate="1">
                            <lines>
                                <line hits="10" number="19" branch="false"/>
                            </lines>
                        </method>
                        <method name="&lt;siderust::targets::target::Target&lt;siderust::coordinates::cartesian::CartesianCoord&lt;siderust::coordinates::centers::Barycentric, siderust::coordinates::frames::Ecliptic&gt;&gt;&gt;::get_position" signature="" complexity="0" line-rate="1" branch-rate="1">
                            <lines>
                                <line hits="10" number="27" branch="false"/>
                            </lines>
                        </method>
                        <method name="&lt;siderust::targets::target::Target&lt;siderust::coordinates::cartesian::CartesianCoord&lt;siderust::coordinates::centers::Heliocentric, siderust::coordinates::frames::Ecliptic&gt;&gt;&gt;::new_static" signature="" complexity="0" line-rate="1" branch-rate="1">
                            <lines>
                                <line hits="10" number="19" branch="false"/>
                            </lines>
                        </method>
                        <method name="&lt;siderust::targets::target::Target&lt;siderust::coordinates::cartesian::CartesianCoord&lt;siderust::coordinates::centers::Heliocentric, siderust::coordinates::frames::Ecliptic&gt;&gt;&gt;::get_position" signature="" complexity="0" line-rate="1" branch-rate="1">
                            <lines>
                                <line hits="10" number="27" branch="false"/>
                            </lines>
                        </method>
                        <method name="&lt;siderust::targets::target::Target&lt;siderust::coordinates::spherical::spherical::SphericalCoord&lt;siderust::coordinates::centers::Geocentric, siderust::coordinates::frames::Equatorial&gt;&gt;&gt;::new_static" signature="" complexity="0" line-rate="1" branch-rate="1">
                            <lines>
                                <line hits="1" number="19" branch="false"/>
                            </lines>
                        </method>
                        <method name="&lt;siderust::targets::target::Target&lt;siderust::coordinates::spherical::spherical::SphericalCoord&lt;siderust::coordinates::centers::Geocentric, siderust::coordinates::frames::Equatorial&gt;&gt;&gt;::get_position" signature="" complexity="0" line-rate="1" branch-rate="1">
                            <lines>
                                <line hits="116" number="27" branch="false"/>
                            </lines>
                        </method>
                        <method name="&lt;siderust::targets::target::Target&lt;siderust::coordinates::spherical::spherical::SphericalCoord&lt;siderust::coordinates::centers::Geocentric, siderust::coordinates::frames::ICRS&gt;&gt;&gt;::new_static" signature="" complexity="0" line-rate="1" branch-rate="1">
                            <lines>
                                <line hits="7" number="19" branch="false"/>
                            </lines>
                        </method>
                        <method name="&lt;siderust::targets::target::Target&lt;siderust::coordinates::spherical::spherical::SphericalCoord&lt;siderust::coordinates::centers::Geocentric, siderust::coordinates::frames::ICRS&gt;&gt;&gt;::get_position" signature="" complexity="0" line-rate="1" branch-rate="1">
                            <lines>
                                <line hits="1" number="27" branch="false"/>
                            </lines>
                        </method>
                        <method name="&lt;siderust::targets::target::Target&lt;siderust::coordinates::spherical::spherical::SphericalCoord&lt;siderust::coordinates::centers::Geocentric, siderust::coordinates::frames::ICRS&gt;&gt;&gt;::get_proper_motion" signature="" complexity="0" line-rate="1" branch-rate="1">
                            <lines>
                                <line hits="4" number="31" branch="false"/>
                            </lines>
                        </method>
                        <method name="&lt;siderust::targets::target::Target&lt;siderust::coordinates::spherical::spherical::SphericalCoord&lt;siderust::coordinates::centers::Geocentric, siderust::coordinates::frames::ICRS&gt;&gt;&gt;::new" signature="" complexity="0" line-rate="1" branch-rate="1">
                            <lines>
                                <line hits="5" number="15" branch="false"/>
                            </lines>
                        </method>
                        <method name="&lt;siderust::targets::target::Target&lt;siderust::coordinates::spherical::spherical::SphericalCoord&lt;siderust::coordinates::centers::Geocentric, siderust::coordinates::frames::ICRS&gt;&gt;&gt;::update" signature="" complexity="0" line-rate="1" branch-rate="1">
                            <lines>
                                <line hits="1" number="44" branch="false"/>
                            </lines>
                        </method>
                        <method name="&lt;siderust::targets::target::Target&lt;siderust::coordinates::spherical::spherical::SphericalCoord&lt;siderust::coordinates::centers::Geocentric, siderust::coordinates::frames::ICRS&gt;&gt;&gt;::new_raw" signature="" complexity="0" line-rate="1" branch-rate="1">
                            <lines>
                                <line hits="2" number="23" branch="false"/>
                            </lines>
                        </method>
                        <method name="&lt;siderust::targets::target::Target&lt;siderust::coordinates::spherical::spherical::SphericalCoord&lt;siderust::coordinates::centers::Geocentric, siderust::coordinates::frames::ICRS&gt;&gt;&gt;::get_time" signature="" complexity="0" line-rate="1" branch-rate="1">
                            <lines>
                                <line hits="1" number="35" branch="false"/>
                            </lines>
                        </method>
                        <method name="siderust::targets::target::tests::test_target_new" signature="" complexity="0" line-rate="1" branch-rate="1">
                            <lines>
                                <line hits="1" number="59" branch="false"/>
                            </lines>
                        </method>
                        <method name="siderust::targets::target::tests::test_target_clone" signature="" complexity="0" line-rate="1" branch-rate="1">
                            <lines>
                                <line hits="1" number="222" branch="false"/>
                            </lines>
                        </method>
                        <method name="siderust::targets::target::tests::test_target_debug" signature="" complexity="0" line-rate="1" branch-rate="1">
                            <lines>
                                <line hits="1" number="209" branch="false"/>
                            </lines>
                        </method>
                        <method name="siderust::targets::target::tests::test_target_update" signature="" complexity="0" line-rate="1" branch-rate="1">
                            <lines>
                                <line hits="1" number="175" branch="false"/>
                            </lines>
                        </method>
                        <method name="siderust::targets::target::tests::test_target_new_raw" signature="" complexity="0" line-rate="1" branch-rate="1">
                            <lines>
                                <line hits="1" number="99" branch="false"/>
                            </lines>
                        </method>
                        <method name="siderust::targets::target::tests::test_target_get_time" signature="" complexity="0" line-rate="1" branch-rate="1">
                            <lines>
                                <line hits="1" number="162" branch="false"/>
                            </lines>
                        </method>
                        <method name="siderust::targets::target::tests::test_target_edge_cases" signature="" complexity="0" line-rate="1" branch-rate="1">
                            <lines>
                                <line hits="1" number="242" branch="false"/>
                            </lines>
                        </method>
                        <method name="siderust::targets::target::tests::test_target_new_static" signature="" complexity="0" line-rate="1" branch-rate="1">
                            <lines>
                                <line hits="1" number="84" branch="false"/>
                            </lines>
                        </method>
                        <method name="siderust::targets::target::tests::test_target_get_position" signature="" complexity="0" line-rate="1" branch-rate="1">
                            <lines>
                                <line hits="1" number="123" branch="false"/>
                            </lines>
                        </method>
                        <method name="siderust::targets::target::tests::test_target_get_proper_motion" signature="" complexity="0" line-rate="1" branch-rate="1">
                            <lines>
                                <line hits="1" number="138" branch="false"/>
                            </lines>
                        </method>
                        <method name="siderust::targets::target::tests::test_target_zero_proper_motion" signature="" complexity="0" line-rate="1" branch-rate="1">
                            <lines>
                                <line hits="1" number="267" branch="false"/>
                            </lines>
                        </method>
                        <method name="siderust::targets::target::tests::test_target_new_with_proper_motion" signature="" complexity="0" line-rate="1" branch-rate="1">
                            <lines>
                                <line hits="1" number="68" branch="false"/>
                            </lines>
                        </method>
                    </methods>
                    <lines>
                        <line branch="false" hits="5" number="15"/>
                        <line branch="false" hits="5" number="16"/>
                        <line branch="false" hits="5" number="17"/>
                        <line branch="false" hits="38" number="19"/>
                        <line branch="false" hits="38" number="20"/>
                        <line branch="false" hits="38" number="21"/>
                        <line branch="false" hits="2" number="23"/>
                        <line branch="false" hits="2" number="24"/>
                        <line branch="false" hits="2" number="25"/>
                        <line branch="false" hits="148" number="27"/>
                        <line branch="false" hits="148" number="28"/>
                        <line branch="false" hits="148" number="29"/>
                        <line branch="false" hits="4" number="31"/>
                        <line branch="false" hits="4" number="32"/>
                        <line branch="false" hits="4" number="33"/>
                        <line branch="false" hits="1" number="35"/>
                        <line branch="false" hits="1" number="36"/>
                        <line branch="false" hits="1" number="37"/>
                        <line branch="false" hits="1" number="44"/>
                        <line branch="false" hits="1" number="45"/>
                        <line branch="false" hits="1" number="46"/>
                        <line branch="false" hits="1" number="47"/>
                        <line branch="false" hits="1" number="59"/>
                        <line branch="false" hits="1" number="60"/>
                        <line branch="false" hits="1" number="62"/>
                        <line branch="false" hits="1" number="63"/>
                        <line branch="false" hits="1" number="64"/>
                        <line branch="false" hits="1" number="65"/>
                        <line branch="false" hits="1" number="68"/>
                        <line branch="false" hits="1" number="69"/>
                        <line branch="false" hits="1" number="70"/>
                        <line branch="false" hits="1" number="71"/>
                        <line branch="false" hits="1" number="74"/>
                        <line branch="false" hits="1" number="75"/>
                        <line branch="false" hits="1" number="77"/>
                        <line branch="false" hits="1" number="78"/>
                        <line branch="false" hits="1" number="79"/>
                        <line branch="false" hits="1" number="80"/>
                        <line branch="false" hits="1" number="81"/>
                        <line branch="false" hits="1" number="84"/>
                        <line branch="false" hits="1" number="85"/>
                        <line branch="false" hits="1" number="86"/>
                        <line branch="false" hits="1" number="87"/>
                        <line branch="false" hits="1" number="90"/>
                        <line branch="false" hits="1" number="92"/>
                        <line branch="false" hits="1" number="93"/>
                        <line branch="false" hits="1" number="94"/>
                        <line branch="false" hits="1" number="95"/>
                        <line branch="false" hits="1" number="96"/>
                        <line branch="false" hits="1" number="99"/>
                        <line branch="false" hits="1" number="100"/>
                        <line branch="false" hits="1" number="101"/>
                        <line branch="false" hits="1" number="102"/>
                        <line branch="false" hits="1" number="105"/>
                        <line branch="false" hits="1" number="108"/>
                        <line branch="false" hits="1" number="109"/>
                        <line branch="false" hits="1" number="110"/>
                        <line branch="false" hits="1" number="111"/>
                        <line branch="false" hits="1" number="112"/>
                        <line branch="false" hits="1" number="115"/>
                        <line branch="false" hits="1" number="116"/>
                        <line branch="false" hits="1" number="117"/>
                        <line branch="false" hits="1" number="118"/>
                        <line branch="false" hits="1" number="119"/>
                        <line branch="false" hits="1" number="120"/>
                        <line branch="false" hits="1" number="123"/>
                        <line branch="false" hits="1" number="124"/>
                        <line branch="false" hits="1" number="125"/>
                        <line branch="false" hits="1" number="126"/>
                        <line branch="false" hits="1" number="129"/>
                        <line branch="false" hits="1" number="131"/>
                        <line branch="false" hits="1" number="132"/>
                        <line branch="false" hits="1" number="133"/>
                        <line branch="false" hits="1" number="134"/>
                        <line branch="false" hits="1" number="135"/>
                        <line branch="false" hits="1" number="138"/>
                        <line branch="false" hits="1" number="139"/>
                        <line branch="false" hits="1" number="140"/>
                        <line branch="false" hits="1" number="141"/>
                        <line branch="false" hits="1" number="144"/>
                        <line branch="false" hits="1" number="147"/>
                        <line branch="false" hits="1" number="148"/>
                        <line branch="false" hits="1" number="149"/>
                        <line branch="false" hits="1" number="150"/>
                        <line branch="false" hits="1" number="151"/>
                        <line branch="false" hits="1" number="152"/>
                        <line branch="false" hits="0" number="153"/>
                        <line branch="false" hits="1" number="156"/>
                        <line branch="false" hits="1" number="157"/>
                        <line branch="false" hits="1" number="158"/>
                        <line branch="false" hits="1" number="159"/>
                        <line branch="false" hits="1" number="162"/>
                        <line branch="false" hits="1" number="163"/>
                        <line branch="false" hits="1" number="164"/>
                        <line branch="false" hits="1" number="165"/>
                        <line branch="false" hits="1" number="168"/>
                        <line branch="false" hits="1" number="170"/>
                        <line branch="false" hits="1" number="171"/>
                        <line branch="false" hits="1" number="172"/>
                        <line branch="false" hits="1" number="175"/>
                        <line branch="false" hits="1" number="176"/>
                        <line branch="false" hits="1" number="177"/>
                        <line branch="false" hits="1" number="178"/>
                        <line branch="false" hits="1" number="181"/>
                        <line branch="false" hits="1" number="182"/>
                        <line branch="false" hits="1" number="185"/>
                        <line branch="false" hits="1" number="186"/>
                        <line branch="false" hits="1" number="187"/>
                        <line branch="false" hits="1" number="190"/>
                        <line branch="false" hits="1" number="192"/>
                        <line branch="false" hits="1" number="195"/>
                        <line branch="false" hits="1" number="196"/>
                        <line branch="false" hits="1" number="197"/>
                        <line branch="false" hits="1" number="198"/>
                        <line branch="false" hits="1" number="201"/>
                        <line branch="false" hits="1" number="202"/>
                        <line branch="false" hits="1" number="203"/>
                        <line branch="false" hits="1" number="204"/>
                        <line branch="false" hits="0" number="205"/>
                        <line branch="false" hits="1" number="206"/>
                        <line branch="false" hits="1" number="209"/>
                        <line branch="false" hits="1" number="210"/>
                        <line branch="false" hits="1" number="211"/>
                        <line branch="false" hits="1" number="212"/>
                        <line branch="false" hits="1" number="215"/>
                        <line branch="false" hits="1" number="217"/>
                        <line branch="false" hits="1" number="218"/>
                        <line branch="false" hits="1" number="219"/>
                        <line branch="false" hits="1" number="222"/>
                        <line branch="false" hits="1" number="223"/>
                        <line branch="false" hits="1" number="224"/>
                        <line branch="false" hits="1" number="225"/>
                        <line branch="false" hits="1" number="228"/>
                        <line branch="false" hits="1" number="229"/>
                        <line branch="false" hits="1" number="231"/>
                        <line branch="false" hits="1" number="234"/>
                        <line branch="false" hits="1" number="235"/>
                        <line branch="false" hits="1" number="236"/>
                        <line branch="false" hits="1" number="237"/>
                        <line branch="false" hits="1" number="238"/>
                        <line branch="false" hits="1" number="239"/>
                        <line branch="false" hits="1" number="242"/>
                        <line branch="false" hits="1" number="244"/>
                        <line branch="false" hits="1" number="245"/>
                        <line branch="false" hits="1" number="246"/>
                        <line branch="false" hits="1" number="249"/>
                        <line branch="false" hits="1" number="250"/>
                        <line branch="false" hits="1" number="251"/>
                        <line branch="false" hits="1" number="252"/>
                        <line branch="false" hits="1" number="255"/>
                        <line branch="false" hits="1" number="256"/>
                        <line branch="false" hits="1" number="257"/>
                        <line branch="false" hits="1" number="260"/>
                        <line branch="false" hits="1" number="261"/>
                        <line branch="false" hits="1" number="262"/>
                        <line branch="false" hits="1" number="263"/>
                        <line branch="false" hits="1" number="264"/>
                        <line branch="false" hits="1" number="267"/>
                        <line branch="false" hits="1" number="268"/>
                        <line branch="false" hits="1" number="269"/>
                        <line branch="false" hits="1" number="270"/>
                        <line branch="false" hits="1" number="273"/>
                        <line branch="false" hits="1" number="274"/>
                        <line branch="false" hits="1" number="276"/>
                        <line branch="false" hits="1" number="277"/>
                        <line branch="false" hits="1" number="278"/>
                        <line branch="false" hits="1" number="279"/>
                        <line branch="false" hits="0" number="280"/>
                        <line branch="false" hits="1" number="281"/>
                    </lines>
                </class>
                <class branch-rate="0" complexity="0" filename="src/targets/transform.rs" line-rate="0" name="src.targets.transform.rs">
                    <methods>
                        <method name="&lt;siderust::targets::target::Target&lt;siderust::coordinates::cartesian::CartesianCoord&lt;_, _&gt;&gt; as core::convert::From&lt;&amp;siderust::targets::target::Target&lt;siderust::coordinates::cartesian::CartesianCoord&lt;_, _&gt;&gt;&gt;&gt;::from" signature="" complexity="0" line-rate="0" branch-rate="0">
                            <lines>
                                <line hits="0" number="26" branch="false"/>
                            </lines>
                        </method>
                        <method name="&lt;siderust::targets::target::Target&lt;siderust::coordinates::spherical::spherical::SphericalCoord&lt;_, _&gt;&gt; as core::convert::From&lt;&amp;siderust::targets::target::Target&lt;siderust::coordinates::spherical::spherical::SphericalCoord&lt;_, _&gt;&gt;&gt;&gt;::from" signature="" complexity="0" line-rate="0" branch-rate="0">
                            <lines>
                                <line hits="0" number="57" branch="false"/>
                            </lines>
                        </method>
                        <method name="&lt;siderust::targets::target::Target&lt;siderust::coordinates::cartesian::CartesianCoord&lt;_, _&gt;&gt; as core::convert::From&lt;&amp;siderust::targets::target::Target&lt;siderust::coordinates::cartesian::CartesianCoord&lt;_, _&gt;&gt;&gt;&gt;::from" signature="" complexity="0" line-rate="0" branch-rate="0">
                            <lines>
                                <line hits="0" number="26" branch="false"/>
                            </lines>
                        </method>
                        <method name="&lt;siderust::targets::target::Target&lt;siderust::coordinates::spherical::spherical::SphericalCoord&lt;_, _&gt;&gt; as core::convert::From&lt;&amp;siderust::targets::target::Target&lt;siderust::coordinates::spherical::spherical::SphericalCoord&lt;_, _&gt;&gt;&gt;&gt;::from" signature="" complexity="0" line-rate="0" branch-rate="0">
                            <lines>
                                <line hits="0" number="57" branch="false"/>
                            </lines>
                        </method>
                    </methods>
                    <lines>
                        <line branch="false" hits="0" number="26"/>
                        <line branch="false" hits="0" number="28"/>
                        <line branch="false" hits="0" number="30"/>
                        <line branch="false" hits="0" number="31"/>
                        <line branch="false" hits="0" number="32"/>
                        <line branch="false" hits="0" number="33"/>
                        <line branch="false" hits="0" number="35"/>
                        <line branch="false" hits="0" number="57"/>
                        <line branch="false" hits="0" number="59"/>
                        <line branch="false" hits="0" number="61"/>
                        <line branch="false" hits="0" number="63"/>
                        <line branch="false" hits="0" number="65"/>
                        <line branch="false" hits="0" number="67"/>
                        <line branch="false" hits="0" number="68"/>
                        <line branch="false" hits="0" number="69"/>
                        <line branch="false" hits="0" number="70"/>
                        <line branch="false" hits="0" number="72"/>
                    </lines>
                </class>
            </classes>
        </package>
        <package line-rate="0.6666666666666666" branch-rate="0" name="src.units.mass" complexity="0">
            <classes>
                <class branch-rate="0" complexity="0" filename="src/units/mass/solar_mass.rs" line-rate="0.6666666666666666" name="src.units.mass.solar_mass.rs">
                    <methods>
                        <method name="&lt;siderust::units::mass::solar_mass::SolarMass&gt;::new" signature="" complexity="0" line-rate="1" branch-rate="1">
                            <lines>
                                <line hits="2" number="18" branch="false"/>
                            </lines>
                        </method>
                        <method name="&lt;siderust::units::mass::solar_mass::SolarMass&gt;::value" signature="" complexity="0" line-rate="1" branch-rate="1">
                            <lines>
                                <line hits="1" number="23" branch="false"/>
                            </lines>
                        </method>
                        <method name="&lt;siderust::units::mass::solar_mass::SolarMass&gt;::new" signature="" complexity="0" line-rate="0" branch-rate="0">
                            <lines>
                                <line hits="0" number="18" branch="false"/>
                            </lines>
                        </method>
                        <method name="&lt;siderust::units::mass::solar_mass::SolarMass&gt;::value" signature="" complexity="0" line-rate="0" branch-rate="0">
                            <lines>
                                <line hits="0" number="23" branch="false"/>
                            </lines>
                        </method>
                        <method name="&lt;siderust::units::mass::solar_mass::SolarMass as core::fmt::Display&gt;::fmt" signature="" complexity="0" line-rate="0" branch-rate="0">
                            <lines>
                                <line hits="0" number="29" branch="false"/>
                            </lines>
                        </method>
                        <method name="&lt;siderust::units::mass::solar_mass::SolarMass as core::fmt::Display&gt;::fmt" signature="" complexity="0" line-rate="0" branch-rate="0">
                            <lines>
                                <line hits="0" number="29" branch="false"/>
                            </lines>
                        </method>
                    </methods>
                    <lines>
                        <line branch="false" hits="2" number="18"/>
                        <line branch="false" hits="2" number="19"/>
                        <line branch="false" hits="2" number="20"/>
                        <line branch="false" hits="1" number="23"/>
                        <line branch="false" hits="1" number="24"/>
                        <line branch="false" hits="1" number="25"/>
                        <line branch="false" hits="0" number="29"/>
                        <line branch="false" hits="0" number="30"/>
                        <line branch="false" hits="0" number="31"/>
                    </lines>
                </class>
                <class branch-rate="0" complexity="0" filename="src/units/mass/kilogram.rs" line-rate="0.6666666666666666" name="src.units.mass.kilogram.rs">
                    <methods>
                        <method name="&lt;siderust::units::mass::kilogram::Kilograms&gt;::new" signature="" complexity="0" line-rate="1" branch-rate="1">
                            <lines>
                                <line hits="2" number="16" branch="false"/>
                            </lines>
                        </method>
                        <method name="&lt;siderust::units::mass::kilogram::Kilograms&gt;::value" signature="" complexity="0" line-rate="1" branch-rate="1">
                            <lines>
                                <line hits="1" number="21" branch="false"/>
                            </lines>
                        </method>
[...]
                            <lines>
                                <line hits="0" number="22" branch="false"/>
                            </lines>
                        </method>
                        <method name="&lt;siderust::bodies::solar_system::Venus as siderust::calculus::vsop87::vsop87_trait::VSOP87&gt;::vsop87a" signature="" complexity="0" line-rate="0" branch-rate="0">
                            <lines>
                                <line hits="0" number="18" branch="false"/>
                            </lines>
                        </method>
                        <method name="&lt;siderust::bodies::solar_system::Venus as siderust::calculus::vsop87::vsop87_trait::VSOP87&gt;::vsop87e" signature="" complexity="0" line-rate="0" branch-rate="0">
                            <lines>
                                <line hits="0" number="22" branch="false"/>
                            </lines>
                        </method>
                        <method name="&lt;siderust::bodies::solar_system::Venus as siderust::calculus::vsop87::vsop87_trait::VSOP87&gt;::vsop87a" signature="" complexity="0" line-rate="0" branch-rate="0">
                            <lines>
                                <line hits="0" number="18" branch="false"/>
                            </lines>
                        </method>
                        <method name="&lt;siderust::bodies::solar_system::Venus as siderust::calculus::vsop87::vsop87_trait::VSOP87&gt;::vsop87e" signature="" complexity="0" line-rate="0" branch-rate="0">
                            <lines>
                                <line hits="0" number="22" branch="false"/>
                            </lines>
                        </method>
                    </methods>
                    <lines>
                        <line branch="false" hits="0" number="18"/>
                        <line branch="false" hits="0" number="19"/>
                        <line branch="false" hits="0" number="20"/>
                        <line branch="false" hits="0" number="22"/>
                        <line branch="false" hits="0" number="23"/>
                        <line branch="false" hits="0" number="24"/>
                    </lines>
                </class>
                <class branch-rate="0" complexity="0" filename="src/calculus/vsop87/vsop87_impl.rs" line-rate="1" name="src.calculus.vsop87.vsop87_impl.rs">
                    <methods>
                        <method name="siderust::calculus::vsop87::vsop87_impl::series_sum::{closure#0}" signature="" complexity="0" line-rate="1" branch-rate="1">
                            <lines>
                                <line hits="55631" number="23" branch="false"/>
                            </lines>
                        </method>
                        <method name="siderust::calculus::vsop87::vsop87_impl::compute_vsop87::{closure#0}" signature="" complexity="0" line-rate="1" branch-rate="1">
                            <lines>
                                <line hits="10" number="63" branch="false"/>
                            </lines>
                        </method>
                        <method name="siderust::calculus::vsop87::vsop87_impl::compute_vsop87::{closure#1}" signature="" complexity="0" line-rate="1" branch-rate="1">
                            <lines>
                                <line hits="10" number="64" branch="false"/>
                            </lines>
                        </method>
                        <method name="siderust::calculus::vsop87::vsop87_impl::compute_coord_value::{closure#0}" signature="" complexity="0" line-rate="1" branch-rate="1">
                            <lines>
                                <line hits="180" number="33" branch="false"/>
                            </lines>
                        </method>
                        <method name="siderust::calculus::vsop87::vsop87_impl::series_sum::{closure#0}" signature="" complexity="0" line-rate="1" branch-rate="1">
                            <lines>
                                <line hits="106906" number="23" branch="false"/>
                            </lines>
                        </method>
                        <method name="siderust::calculus::vsop87::vsop87_impl::compute_vsop87::{closure#0}" signature="" complexity="0" line-rate="1" branch-rate="1">
                            <lines>
                                <line hits="20" number="63" branch="false"/>
                            </lines>
                        </method>
                        <method name="siderust::calculus::vsop87::vsop87_impl::compute_vsop87::{closure#1}" signature="" complexity="0" line-rate="1" branch-rate="1">
                            <lines>
                                <line hits="20" number="64" branch="false"/>
                            </lines>
                        </method>
                        <method name="siderust::calculus::vsop87::vsop87_impl::compute_coord_value::{closure#0}" signature="" complexity="0" line-rate="1" branch-rate="1">
                            <lines>
                                <line hits="352" number="33" branch="false"/>
                            </lines>
                        </method>
                        <method name="siderust::calculus::vsop87::vsop87_impl::series_sum" signature="" complexity="0" line-rate="1" branch-rate="1">
                            <lines>
                                <line hits="180" number="21" branch="false"/>
                            </lines>
                        </method>
                        <method name="siderust::calculus::vsop87::vsop87_impl::compute_vsop87" signature="" complexity="0" line-rate="1" branch-rate="1">
                            <lines>
                                <line hits="10" number="52" branch="false"/>
                            </lines>
                        </method>
                        <method name="siderust::calculus::vsop87::vsop87_impl::compute_coord_value" signature="" complexity="0" line-rate="1" branch-rate="1">
                            <lines>
                                <line hits="30" number="30" branch="false"/>
                            </lines>
                        </method>
                        <method name="siderust::calculus::vsop87::vsop87_impl::series_sum" signature="" complexity="0" line-rate="1" branch-rate="1">
                            <lines>
                                <line hits="352" number="21" branch="false"/>
                            </lines>
                        </method>
                        <method name="siderust::calculus::vsop87::vsop87_impl::compute_vsop87" signature="" complexity="0" line-rate="1" branch-rate="1">
                            <lines>
                                <line hits="20" number="52" branch="false"/>
                            </lines>
                        </method>
                        <method name="siderust::calculus::vsop87::vsop87_impl::compute_coord_value" signature="" complexity="0" line-rate="1" branch-rate="1">
                            <lines>
                                <line hits="60" number="30" branch="false"/>
                            </lines>
                        </method>
                    </methods>
                    <lines>
                        <line branch="false" hits="532" number="21"/>
                        <line branch="false" hits="532" number="22"/>
                        <line branch="false" hits="162537" number="23"/>
                        <line branch="false" hits="532" number="24"/>
                        <line branch="false" hits="532" number="25"/>
                        <line branch="false" hits="90" number="30"/>
                        <line branch="false" hits="90" number="31"/>
                        <line branch="false" hits="90" number="32"/>
                        <line branch="false" hits="532" number="33"/>
                        <line branch="false" hits="532" number="35"/>
                        <line branch="false" hits="532" number="36"/>
                        <line branch="false" hits="532" number="37"/>
                        <line branch="false" hits="90" number="38"/>
                        <line branch="false" hits="90" number="39"/>
                        <line branch="false" hits="30" number="52"/>
                        <line branch="false" hits="30" number="53"/>
                        <line branch="false" hits="30" number="54"/>
                        <line branch="false" hits="30" number="55"/>
                        <line branch="false" hits="30" number="56"/>
                        <line branch="false" hits="30" number="57"/>
                        <line branch="false" hits="30" number="59"/>
                        <line branch="false" hits="30" number="60"/>
                        <line branch="false" hits="30" number="62"/>
                        <line branch="false" hits="30" number="63"/>
                        <line branch="false" hits="30" number="64"/>
                        <line branch="false" hits="30" number="65"/>
                        <line branch="false" hits="30" number="66"/>
                        <line branch="false" hits="30" number="67"/>
                        <line branch="false" hits="30" number="68"/>
                        <line branch="false" hits="30" number="70"/>
                        <line branch="false" hits="30" number="71"/>
                        <line branch="false" hits="30" number="72"/>
                    </lines>
                </class>
            </classes>
        </package>
        <package line-rate="0" branch-rate="0" name="src.bodies" complexity="0">
            <classes>
                <class branch-rate="0" complexity="0" filename="src/bodies/stars.rs" line-rate="0" name="src.bodies.stars.rs">
                    <methods>
                        <method name="&lt;siderust::bodies::stars::Star&gt;::new::&lt;_&gt;" signature="" complexity="0" line-rate="0" branch-rate="0">
                            <lines>
                                <line hits="0" number="49" branch="false"/>
                            </lines>
                        </method>
                        <method name="&lt;siderust::bodies::stars::Star&gt;::new::&lt;_&gt;" signature="" complexity="0" line-rate="0" branch-rate="0">
                            <lines>
                                <line hits="0" number="49" branch="false"/>
                            </lines>
                        </method>
                        <method name="&lt;siderust::bodies::stars::Star&gt;::new_const" signature="" complexity="0" line-rate="0" branch-rate="0">
                            <lines>
                                <line hits="0" number="30" branch="false"/>
                            </lines>
                        </method>
                        <method name="&lt;siderust::bodies::stars::Star&gt;::new_const" signature="" complexity="0" line-rate="0" branch-rate="0">
                            <lines>
                                <line hits="0" number="30" branch="false"/>
                            </lines>
                        </method>
                    </methods>
                    <lines>
                        <line branch="false" hits="0" number="30"/>
                        <line branch="false" hits="0" number="31"/>
                        <line branch="false" hits="0" number="32"/>
                        <line branch="false" hits="0" number="33"/>
                        <line branch="false" hits="0" number="34"/>
                        <line branch="false" hits="0" number="35"/>
                        <line branch="false" hits="0" number="36"/>
                        <line branch="false" hits="0" number="37"/>
                        <line branch="false" hits="0" number="38"/>
                        <line branch="false" hits="0" number="39"/>
                        <line branch="false" hits="0" number="40"/>
                        <line branch="false" hits="0" number="41"/>
                        <line branch="false" hits="0" number="42"/>
                        <line branch="false" hits="0" number="43"/>
                        <line branch="false" hits="0" number="44"/>
                        <line branch="false" hits="0" number="45"/>
                        <line branch="false" hits="0" number="46"/>
                        <line branch="false" hits="0" number="49"/>
                        <line branch="false" hits="0" number="50"/>
                        <line branch="false" hits="0" number="51"/>
                        <line branch="false" hits="0" number="52"/>
                        <line branch="false" hits="0" number="53"/>
                        <line branch="false" hits="0" number="54"/>
                        <line branch="false" hits="0" number="55"/>
                        <line branch="false" hits="0" number="56"/>
                        <line branch="false" hits="0" number="57"/>
                        <line branch="false" hits="0" number="58"/>
                        <line branch="false" hits="0" number="60"/>
                        <line branch="false" hits="0" number="61"/>
                        <line branch="false" hits="0" number="62"/>
                        <line branch="false" hits="0" number="63"/>
                        <line branch="false" hits="0" number="64"/>
                        <line branch="false" hits="0" number="65"/>
                        <line branch="false" hits="0" number="66"/>
                        <line branch="false" hits="0" number="67"/>
                        <line branch="false" hits="0" number="68"/>
                    </lines>
                </class>
                <class branch-rate="0" complexity="0" filename="src/bodies/comet.rs" line-rate="0" name="src.bodies.comet.rs">
                    <methods>
                        <method name="&lt;siderust::bodies::comet::Comet&gt;::new" signature="" complexity="0" line-rate="0" branch-rate="0">
                            <lines>
                                <line hits="0" number="20" branch="false"/>
                            </lines>
                        </method>
                        <method name="&lt;siderust::bodies::comet::Comet&gt;::new" signature="" complexity="0" line-rate="0" branch-rate="0">
                            <lines>
                                <line hits="0" number="20" branch="false"/>
                            </lines>
                        </method>
                    </methods>
                    <lines>
                        <line branch="false" hits="0" number="20"/>
                        <line branch="false" hits="0" number="21"/>
                        <line branch="false" hits="0" number="22"/>
                        <line branch="false" hits="0" number="23"/>
                        <line branch="false" hits="0" number="24"/>
                        <line branch="false" hits="0" number="25"/>
                        <line branch="false" hits="0" number="26"/>
                    </lines>
                </class>
                <class branch-rate="0" complexity="0" filename="src/bodies/satelite.rs" line-rate="0" name="src.bodies.satelite.rs">
                    <methods>
                        <method name="&lt;siderust::bodies::satelite::Satelite&gt;::new::&lt;_&gt;" signature="" complexity="0" line-rate="0" branch-rate="0">
                            <lines>
                                <line hits="0" number="40" branch="false"/>
                            </lines>
                        </method>
                        <method name="&lt;siderust::bodies::satelite::Satelite&gt;::new::&lt;_&gt;" signature="" complexity="0" line-rate="0" branch-rate="0">
                            <lines>
                                <line hits="0" number="40" branch="false"/>
                            </lines>
                        </method>
                        <method name="&lt;siderust::bodies::satelite::Satelite&gt;::new_const" signature="" complexity="0" line-rate="0" branch-rate="0">
                            <lines>
                                <line hits="0" number="25" branch="false"/>
                            </lines>
                        </method>
                        <method name="&lt;siderust::bodies::satelite::Satelite&gt;::new_const" signature="" complexity="0" line-rate="0" branch-rate="0">
                            <lines>
                                <line hits="0" number="25" branch="false"/>
                            </lines>
                        </method>
                    </methods>
                    <lines>
                        <line branch="false" hits="0" number="25"/>
                        <line branch="false" hits="0" number="26"/>
                        <line branch="false" hits="0" number="27"/>
                        <line branch="false" hits="0" number="28"/>
                        <line branch="false" hits="0" number="29"/>
                        <line branch="false" hits="0" number="30"/>
                        <line branch="false" hits="0" number="31"/>
                        <line branch="false" hits="0" number="32"/>
                        <line branch="false" hits="0" number="33"/>
                        <line branch="false" hits="0" number="34"/>
                        <line branch="false" hits="0" number="35"/>
                        <line branch="false" hits="0" number="36"/>
                        <line branch="false" hits="0" number="37"/>
                        <line branch="false" hits="0" number="40"/>
                        <line branch="false" hits="0" number="41"/>
                        <line branch="false" hits="0" number="42"/>
                        <line branch="false" hits="0" number="44"/>
                        <line branch="false" hits="0" number="45"/>
                        <line branch="false" hits="0" number="46"/>
                        <line branch="false" hits="0" number="47"/>
                        <line branch="false" hits="0" number="48"/>
                        <line branch="false" hits="0" number="49"/>
                        <line branch="false" hits="0" number="50"/>
                    </lines>
                </class>
                <class branch-rate="0" complexity="0" filename="src/bodies/asteroid.rs" line-rate="0" name="src.bodies.asteroid.rs">
                    <methods>
                        <method name="&lt;siderust::bodies::asteroid::Asteroid&gt;::new" signature="" complexity="0" line-rate="0" branch-rate="0">
                            <lines>
                                <line hits="0" number="19" branch="false"/>
                            </lines>
                        </method>
                        <method name="&lt;siderust::bodies::asteroid::Asteroid&gt;::new" signature="" complexity="0" line-rate="0" branch-rate="0">
                            <lines>
                                <line hits="0" number="19" branch="false"/>
                            </lines>
                        </method>
                    </methods>
                    <lines>
                        <line branch="false" hits="0" number="19"/>
                        <line branch="false" hits="0" number="20"/>
                        <line branch="false" hits="0" number="21"/>
                        <line branch="false" hits="0" number="22"/>
                        <line branch="false" hits="0" number="23"/>
                        <line branch="false" hits="0" number="24"/>
                        <line branch="false" hits="0" number="25"/>
                    </lines>
                </class>
            </classes>
        </package>
    </packages>
</coverage>